0 info it worked if it ends with ok
1 verbose cli [ 'C:\\Program Files\\nodejs\\\\node.exe',
1 verbose cli   'C:\\Program Files\\nodejs\\node_modules\\npm\\bin\\npm-cli.js',
1 verbose cli   'install',
1 verbose cli   'nodmailer',
1 verbose cli   '--save-dev' ]
2 info using npm@1.4.28
3 info using node@v0.10.32
4 verbose node symlink C:\Program Files\nodejs\\node.exe
5 warn package.json starter-node-angular@ No repository field.
6 verbose readDependencies using package.json deps
7 verbose cache add [ 'nodmailer', null ]
8 verbose cache add name=undefined spec="nodmailer" args=["nodmailer",null]
9 verbose parsed url { protocol: null,
9 verbose parsed url   slashes: null,
9 verbose parsed url   auth: null,
9 verbose parsed url   host: null,
9 verbose parsed url   port: null,
9 verbose parsed url   hostname: null,
9 verbose parsed url   hash: null,
9 verbose parsed url   search: null,
9 verbose parsed url   query: null,
9 verbose parsed url   pathname: 'nodmailer',
9 verbose parsed url   path: 'nodmailer',
9 verbose parsed url   href: 'nodmailer' }
10 silly lockFile 36211eeb-nodmailer nodmailer
11 verbose lock nodmailer C:\Users\ladddvis\AppData\Roaming\npm-cache\36211eeb-nodmailer.lock
12 silly lockFile 36211eeb-nodmailer nodmailer
13 silly lockFile 36211eeb-nodmailer nodmailer
14 verbose addNamed [ 'nodmailer', '' ]
15 verbose addNamed [ null, '*' ]
16 silly lockFile 588e637d-nodmailer nodmailer@
17 verbose lock nodmailer@ C:\Users\ladddvis\AppData\Roaming\npm-cache\588e637d-nodmailer.lock
18 silly addNameRange { name: 'nodmailer', range: '*', hasData: false }
19 verbose request where is /nodmailer
20 verbose request registry https://registry.npmjs.org/
21 verbose request id fc570919c7d42ab2
22 verbose url raw /nodmailer
23 verbose url resolving [ 'https://registry.npmjs.org/', './nodmailer' ]
24 verbose url resolved https://registry.npmjs.org/nodmailer
25 verbose request where is https://registry.npmjs.org/nodmailer
26 info trying registry request attempt 1 at 14:38:59
27 http GET https://registry.npmjs.org/nodmailer
28 http 404 https://registry.npmjs.org/nodmailer
29 verbose headers { server: 'CouchDB/1.5.0 (Erlang OTP/R16B03)',
29 verbose headers   'content-type': 'application/json',
29 verbose headers   'cache-control': 'max-age=0',
29 verbose headers   'content-length': '51',
29 verbose headers   'accept-ranges': 'bytes',
29 verbose headers   date: 'Wed, 01 Jul 2015 09:09:00 GMT',
29 verbose headers   via: '1.1 varnish',
29 verbose headers   age: '0',
29 verbose headers   connection: 'keep-alive',
29 verbose headers   'x-served-by': 'cache-fra1239-FRA',
29 verbose headers   'x-cache': 'MISS',
29 verbose headers   'x-cache-hits': '0',
29 verbose headers   'x-timer': 'S1435741740.027410,VS0,VE176' }
30 silly registry.get cb [ 404,
30 silly registry.get   { server: 'CouchDB/1.5.0 (Erlang OTP/R16B03)',
30 silly registry.get     'content-type': 'application/json',
30 silly registry.get     'cache-control': 'max-age=0',
30 silly registry.get     'content-length': '51',
30 silly registry.get     'accept-ranges': 'bytes',
30 silly registry.get     date: 'Wed, 01 Jul 2015 09:09:00 GMT',
30 silly registry.get     via: '1.1 varnish',
30 silly registry.get     age: '0',
30 silly registry.get     connection: 'keep-alive',
30 silly registry.get     'x-served-by': 'cache-fra1239-FRA',
30 silly registry.get     'x-cache': 'MISS',
30 silly registry.get     'x-cache-hits': '0',
30 silly registry.get     'x-timer': 'S1435741740.027410,VS0,VE176' } ]
31 silly lockFile 588e637d-nodmailer nodmailer@
32 silly lockFile 588e637d-nodmailer nodmailer@
33 error 404 404 Not Found: nodmailer
33 error 404
33 error 404 'nodmailer' is not in the npm registry.
33 error 404 You should bug the author to publish it
33 error 404 It was specified as a dependency of 'starter-node-angular'
33 error 404
33 error 404 Note that you can also install from a
33 error 404 tarball, folder, or http url, or git url.
34 error System Windows_NT 6.1.7601
35 error command "C:\\Program Files\\nodejs\\\\node.exe" "C:\\Program Files\\nodejs\\node_modules\\npm\\bin\\npm-cli.js" "install" "nodmailer" "--save-dev"
36 error cwd C:\Users\ladddvis\workspace\web\portfolio_mean
37 error node -v v0.10.32
38 error npm -v 1.4.28
39 error code E404
40 verbose exit [ 1, true ]
